<?xml version='1.0' encoding='UTF-8' standalone='no'?>
<doxygen xmlns:xsi="http://www.w3.org/2001/XMLSchema-instance" xsi:noNamespaceSchemaLocation="compound.xsd" version="1.15.0" xml:lang="en-US">
  <compounddef id="classgoogletest-throw-on-failure-test_1_1_throw_on_failure_test" kind="class" language="Python" prot="public">
    <compoundname>googletest-throw-on-failure-test::ThrowOnFailureTest</compoundname>
    <basecompoundref prot="public" virt="non-virtual">gtest_test_utils.TestCase</basecompoundref>
    <sectiondef kind="public-func">
      <memberdef kind="function" id="classgoogletest-throw-on-failure-test_1_1_throw_on_failure_test_1a4438abd96792c91b81e3bae28fc27087" prot="public" static="no" const="no" explicit="no" inline="no" virt="non-virtual">
        <type></type>
        <definition>googletest-throw-on-failure-test.ThrowOnFailureTest.RunAndVerify</definition>
        <argsstring>(self, env_var_value, flag_value, should_fail)</argsstring>
        <name>RunAndVerify</name>
        <qualifiedname>googletest-throw-on-failure-test.ThrowOnFailureTest.RunAndVerify</qualifiedname>
        <param>
          <type>self</type>
          <defname>self</defname>
        </param>
        <param>
          <type>env_var_value</type>
          <defname>env_var_value</defname>
        </param>
        <param>
          <type>flag_value</type>
          <defname>flag_value</defname>
        </param>
        <param>
          <type>should_fail</type>
          <defname>should_fail</defname>
        </param>
        <briefdescription>
        </briefdescription>
        <detaileddescription>
<para><verbatim>Runs googletest-throw-on-failure-test_ and verifies that it does
(or does not) exit with a non-zero code.

Args:
  env_var_value:    value of the GTEST_BREAK_ON_FAILURE environment
                    variable; None if the variable should be unset.
  flag_value:       value of the --gtest_break_on_failure flag;
                    None if the flag should not be present.
  should_fail:      True if and only if the program is expected to fail.
</verbatim> </para>
        </detaileddescription>
        <inbodydescription>
        </inbodydescription>
        <location file="src/build/_deps/googletest-src/googletest/test/googletest-throw-on-failure-test.py" line="80" column="1" bodyfile="src/build/_deps/googletest-src/googletest/test/googletest-throw-on-failure-test.py" bodystart="80" bodyend="124"/>
      </memberdef>
      <memberdef kind="function" id="classgoogletest-throw-on-failure-test_1_1_throw_on_failure_test_1aba853651f47247b801f7219929915a76" prot="public" static="no" const="no" explicit="no" inline="no" virt="non-virtual">
        <type></type>
        <definition>googletest-throw-on-failure-test.ThrowOnFailureTest.testDefaultBehavior</definition>
        <argsstring>(self)</argsstring>
        <name>testDefaultBehavior</name>
        <qualifiedname>googletest-throw-on-failure-test.ThrowOnFailureTest.testDefaultBehavior</qualifiedname>
        <param>
          <type>self</type>
          <defname>self</defname>
        </param>
        <briefdescription>
        </briefdescription>
        <detaileddescription>
<para><verbatim>Tests the behavior of the default mode.</verbatim> </para>
        </detaileddescription>
        <inbodydescription>
        </inbodydescription>
        <location file="src/build/_deps/googletest-src/googletest/test/googletest-throw-on-failure-test.py" line="125" column="1" bodyfile="src/build/_deps/googletest-src/googletest/test/googletest-throw-on-failure-test.py" bodystart="125" bodyend="129"/>
      </memberdef>
      <memberdef kind="function" id="classgoogletest-throw-on-failure-test_1_1_throw_on_failure_test_1ab18041a1bbc10a313f30b5abe585af80" prot="public" static="no" const="no" explicit="no" inline="no" virt="non-virtual">
        <type></type>
        <definition>googletest-throw-on-failure-test.ThrowOnFailureTest.testThrowOnFailureEnvVar</definition>
        <argsstring>(self)</argsstring>
        <name>testThrowOnFailureEnvVar</name>
        <qualifiedname>googletest-throw-on-failure-test.ThrowOnFailureTest.testThrowOnFailureEnvVar</qualifiedname>
        <param>
          <type>self</type>
          <defname>self</defname>
        </param>
        <briefdescription>
        </briefdescription>
        <detaileddescription>
<para><verbatim>Tests using the GTEST_THROW_ON_FAILURE environment variable.</verbatim> </para>
        </detaileddescription>
        <inbodydescription>
        </inbodydescription>
        <location file="src/build/_deps/googletest-src/googletest/test/googletest-throw-on-failure-test.py" line="130" column="1" bodyfile="src/build/_deps/googletest-src/googletest/test/googletest-throw-on-failure-test.py" bodystart="130" bodyend="139"/>
      </memberdef>
      <memberdef kind="function" id="classgoogletest-throw-on-failure-test_1_1_throw_on_failure_test_1a0a87ef435badb2caff96a8ef0df45925" prot="public" static="no" const="no" explicit="no" inline="no" virt="non-virtual">
        <type></type>
        <definition>googletest-throw-on-failure-test.ThrowOnFailureTest.testThrowOnFailureFlag</definition>
        <argsstring>(self)</argsstring>
        <name>testThrowOnFailureFlag</name>
        <qualifiedname>googletest-throw-on-failure-test.ThrowOnFailureTest.testThrowOnFailureFlag</qualifiedname>
        <param>
          <type>self</type>
          <defname>self</defname>
        </param>
        <briefdescription>
        </briefdescription>
        <detaileddescription>
<para><verbatim>Tests using the --gtest_throw_on_failure flag.</verbatim> </para>
        </detaileddescription>
        <inbodydescription>
        </inbodydescription>
        <location file="src/build/_deps/googletest-src/googletest/test/googletest-throw-on-failure-test.py" line="140" column="1" bodyfile="src/build/_deps/googletest-src/googletest/test/googletest-throw-on-failure-test.py" bodystart="140" bodyend="149"/>
      </memberdef>
      <memberdef kind="function" id="classgoogletest-throw-on-failure-test_1_1_throw_on_failure_test_1aa6415f79a4608c5850e135a0c41a4bfc" prot="public" static="no" const="no" explicit="no" inline="no" virt="non-virtual">
        <type></type>
        <definition>googletest-throw-on-failure-test.ThrowOnFailureTest.testThrowOnFailureFlagOverridesEnvVar</definition>
        <argsstring>(self)</argsstring>
        <name>testThrowOnFailureFlagOverridesEnvVar</name>
        <qualifiedname>googletest-throw-on-failure-test.ThrowOnFailureTest.testThrowOnFailureFlagOverridesEnvVar</qualifiedname>
        <param>
          <type>self</type>
          <defname>self</defname>
        </param>
        <briefdescription>
        </briefdescription>
        <detaileddescription>
<para><verbatim>Tests that --gtest_throw_on_failure overrides GTEST_THROW_ON_FAILURE.</verbatim> </para>
        </detaileddescription>
        <inbodydescription>
        </inbodydescription>
        <location file="src/build/_deps/googletest-src/googletest/test/googletest-throw-on-failure-test.py" line="150" column="1" bodyfile="src/build/_deps/googletest-src/googletest/test/googletest-throw-on-failure-test.py" bodystart="150" bodyend="166"/>
      </memberdef>
    </sectiondef>
    <briefdescription>
    </briefdescription>
    <detaileddescription>
<para><verbatim>Tests the throw-on-failure mode.</verbatim> </para>
    </detaileddescription>
    <inheritancegraph>
      <node id="1">
        <label>googletest-throw-on-failure-test.ThrowOnFailureTest</label>
        <link refid="classgoogletest-throw-on-failure-test_1_1_throw_on_failure_test"/>
        <childnode refid="2" relation="public-inheritance">
        </childnode>
      </node>
      <node id="2">
        <label>gtest_test_utils.TestCase</label>
      </node>
    </inheritancegraph>
    <collaborationgraph>
      <node id="1">
        <label>googletest-throw-on-failure-test.ThrowOnFailureTest</label>
        <link refid="classgoogletest-throw-on-failure-test_1_1_throw_on_failure_test"/>
        <childnode refid="2" relation="public-inheritance">
        </childnode>
      </node>
      <node id="2">
        <label>gtest_test_utils.TestCase</label>
      </node>
    </collaborationgraph>
    <location file="src/build/_deps/googletest-src/googletest/test/googletest-throw-on-failure-test.py" line="77" column="1" bodyfile="src/build/_deps/googletest-src/googletest/test/googletest-throw-on-failure-test.py" bodystart="77" bodyend="166"/>
    <listofallmembers>
      <member refid="classgoogletest-throw-on-failure-test_1_1_throw_on_failure_test_1a4438abd96792c91b81e3bae28fc27087" prot="public" virt="non-virtual"><scope>googletest-throw-on-failure-test::ThrowOnFailureTest</scope><name>RunAndVerify</name></member>
      <member refid="classgoogletest-throw-on-failure-test_1_1_throw_on_failure_test_1aba853651f47247b801f7219929915a76" prot="public" virt="non-virtual"><scope>googletest-throw-on-failure-test::ThrowOnFailureTest</scope><name>testDefaultBehavior</name></member>
      <member refid="classgoogletest-throw-on-failure-test_1_1_throw_on_failure_test_1ab18041a1bbc10a313f30b5abe585af80" prot="public" virt="non-virtual"><scope>googletest-throw-on-failure-test::ThrowOnFailureTest</scope><name>testThrowOnFailureEnvVar</name></member>
      <member refid="classgoogletest-throw-on-failure-test_1_1_throw_on_failure_test_1a0a87ef435badb2caff96a8ef0df45925" prot="public" virt="non-virtual"><scope>googletest-throw-on-failure-test::ThrowOnFailureTest</scope><name>testThrowOnFailureFlag</name></member>
      <member refid="classgoogletest-throw-on-failure-test_1_1_throw_on_failure_test_1aa6415f79a4608c5850e135a0c41a4bfc" prot="public" virt="non-virtual"><scope>googletest-throw-on-failure-test::ThrowOnFailureTest</scope><name>testThrowOnFailureFlagOverridesEnvVar</name></member>
    </listofallmembers>
  </compounddef>
</doxygen>
